{"G:\\Program files code\\Microverse\\Module 2\\Javascript_capstone_project\\src\\Jsmodules\\homeCounter.js": {"path":"G:\\Program files code\\Microverse\\Module 2\\Javascript_capstone_project\\src\\Jsmodules\\homeCounter.js","statementMap":{"0":{"start":{"line":1,"column":23},"end":{"line":6,"column":1}},"1":{"start":{"line":2,"column":22},"end":{"line":2,"column":63}},"2":{"start":{"line":3,"column":22},"end":{"line":3,"column":61}},"3":{"start":{"line":4,"column":2},"end":{"line":4,"column":58}},"4":{"start":{"line":5,"column":2},"end":{"line":5,"column":28}}},"fnMap":{"0":{"name":"(anonymous_0)","decl":{"start":{"line":1,"column":23},"end":{"line":1,"column":24}},"loc":{"start":{"line":1,"column":29},"end":{"line":6,"column":1}},"line":1}},"branchMap":{},"s":{"0":1,"1":4,"2":4,"3":4,"4":4},"f":{"0":4},"b":{},"_coverageSchema":"1a1c01bbd47fc00a2c39e90264f33305004495a9","hash":"ecf555e3aa262cfc90a6070820f338476ed224ec"}
,"G:\\Program files code\\Microverse\\Module 2\\Javascript_capstone_project\\src\\Jsmodules\\ut-counter-and-check.js": {"path":"G:\\Program files code\\Microverse\\Module 2\\Javascript_capstone_project\\src\\Jsmodules\\ut-counter-and-check.js","statementMap":{"0":{"start":{"line":5,"column":23},"end":{"line":8,"column":1}},"1":{"start":{"line":6,"column":21},"end":{"line":6,"column":69}},"2":{"start":{"line":7,"column":2},"end":{"line":7,"column":27}}},"fnMap":{"0":{"name":"(anonymous_0)","decl":{"start":{"line":5,"column":23},"end":{"line":5,"column":24}},"loc":{"start":{"line":5,"column":39},"end":{"line":8,"column":1}},"line":5}},"branchMap":{},"s":{"0":1,"1":4,"2":4},"f":{"0":4},"b":{},"_coverageSchema":"1a1c01bbd47fc00a2c39e90264f33305004495a9","hash":"1ab12d0f52b7b38da7f8560f14619c6fc1dfcde6"}
}
